Analysis & Synthesis report for KatPro
Mon Mar 18 23:10:38 2013
Quartus II Version 9.1 Build 350 03/24/2010 Service Pack 2 SJ Web Edition


---------------------
; Table of Contents ;
---------------------
  1. Legal Notice
  2. Analysis & Synthesis Summary
  3. Analysis & Synthesis Settings
  4. Parallel Compilation
  5. Analysis & Synthesis Source Files Read
  6. Analysis & Synthesis Resource Usage Summary
  7. Analysis & Synthesis Resource Utilization by Entity
  8. Analysis & Synthesis RAM Summary
  9. User-Specified and Inferred Latches
 10. General Register Statistics
 11. Source assignments for rom_mem:inst|altsyncram:altsyncram_component|altsyncram_jr71:auto_generated
 12. Parameter Settings for User Entity Instance: switch_singl_8:inst11|lpm_bustri:lpm_bustri_component
 13. Parameter Settings for User Entity Instance: latch_8:inst8|lpm_latch:lpm_latch_component
 14. Parameter Settings for User Entity Instance: rom_mem:inst|altsyncram:altsyncram_component
 15. Parameter Settings for User Entity Instance: latch_14:inst4|lpm_latch:lpm_latch_component
 16. Parameter Settings for User Entity Instance: bus_14_to_10:inst10|sub_addr:inst11|lpm_add_sub:lpm_add_sub_component
 17. Parameter Settings for User Entity Instance: bus_14_to_10:inst10|const_256:inst12|lpm_constant:lpm_constant_component
 18. altsyncram Parameter Settings by Entity Instance
 19. Analysis & Synthesis Messages



----------------
; Legal Notice ;
----------------
Copyright (C) 1991-2010 Altera Corporation
Your use of Altera Corporation's design tools, logic functions 
and other software and tools, and its AMPP partner logic 
functions, and any output files from any of the foregoing 
(including device programming or simulation files), and any 
associated documentation or information are expressly subject 
to the terms and conditions of the Altera Program License 
Subscription Agreement, Altera MegaCore Function License 
Agreement, or other applicable license agreement, including, 
without limitation, that your use is for the sole purpose of 
programming logic devices manufactured by Altera and sold by 
Altera or its authorized distributors.  Please refer to the 
applicable agreement for further details.



+------------------------------------------------------------------------------+
; Analysis & Synthesis Summary                                                 ;
+-------------------------------+----------------------------------------------+
; Analysis & Synthesis Status   ; Successful - Mon Mar 18 23:10:38 2013        ;
; Quartus II Version            ; 9.1 Build 350 03/24/2010 SP 2 SJ Web Edition ;
; Revision Name                 ; KatPro                                       ;
; Top-level Entity Name         ; rom                                          ;
; Family                        ; Stratix II                                   ;
; Logic utilization             ; N/A                                          ;
;     Combinational ALUTs       ; 27                                           ;
;     Dedicated logic registers ; 0                                            ;
; Total registers               ; 0                                            ;
; Total pins                    ; 31                                           ;
; Total virtual pins            ; 0                                            ;
; Total block memory bits       ; 6,144                                        ;
; DSP block 9-bit elements      ; 0                                            ;
; Total PLLs                    ; 0                                            ;
; Total DLLs                    ; 0                                            ;
+-------------------------------+----------------------------------------------+


+----------------------------------------------------------------------------------------------------------------------+
; Analysis & Synthesis Settings                                                                                        ;
+----------------------------------------------------------------------------+--------------------+--------------------+
; Option                                                                     ; Setting            ; Default Value      ;
+----------------------------------------------------------------------------+--------------------+--------------------+
; Top-level entity name                                                      ; rom                ; KatPro             ;
; Family name                                                                ; Stratix II         ; Stratix II         ;
; Use Generated Physical Constraints File                                    ; Off                ;                    ;
; Use smart compilation                                                      ; Off                ; Off                ;
; Enable parallel Assembler and TimeQuest Timing Analyzer during compilation ; On                 ; On                 ;
; Enable compact report table                                                ; Off                ; Off                ;
; Restructure Multiplexers                                                   ; Auto               ; Auto               ;
; Create Debugging Nodes for IP Cores                                        ; Off                ; Off                ;
; Preserve fewer node names                                                  ; On                 ; On                 ;
; Disable OpenCore Plus hardware evaluation                                  ; Off                ; Off                ;
; Verilog Version                                                            ; Verilog_2001       ; Verilog_2001       ;
; VHDL Version                                                               ; VHDL_1993          ; VHDL_1993          ;
; State Machine Processing                                                   ; Auto               ; Auto               ;
; Safe State Machine                                                         ; Off                ; Off                ;
; Extract Verilog State Machines                                             ; On                 ; On                 ;
; Extract VHDL State Machines                                                ; On                 ; On                 ;
; Ignore Verilog initial constructs                                          ; Off                ; Off                ;
; Iteration limit for constant Verilog loops                                 ; 5000               ; 5000               ;
; Iteration limit for non-constant Verilog loops                             ; 250                ; 250                ;
; Add Pass-Through Logic to Inferred RAMs                                    ; On                 ; On                 ;
; Parallel Synthesis                                                         ; On                 ; On                 ;
; DSP Block Balancing                                                        ; Auto               ; Auto               ;
; NOT Gate Push-Back                                                         ; On                 ; On                 ;
; Power-Up Don't Care                                                        ; On                 ; On                 ;
; Remove Redundant Logic Cells                                               ; Off                ; Off                ;
; Remove Duplicate Registers                                                 ; On                 ; On                 ;
; Ignore CARRY Buffers                                                       ; Off                ; Off                ;
; Ignore CASCADE Buffers                                                     ; Off                ; Off                ;
; Ignore GLOBAL Buffers                                                      ; Off                ; Off                ;
; Ignore ROW GLOBAL Buffers                                                  ; Off                ; Off                ;
; Ignore LCELL Buffers                                                       ; Off                ; Off                ;
; Ignore SOFT Buffers                                                        ; On                 ; On                 ;
; Limit AHDL Integers to 32 Bits                                             ; Off                ; Off                ;
; Optimization Technique                                                     ; Balanced           ; Balanced           ;
; Carry Chain Length                                                         ; 70                 ; 70                 ;
; Auto Carry Chains                                                          ; On                 ; On                 ;
; Auto Open-Drain Pins                                                       ; On                 ; On                 ;
; Perform WYSIWYG Primitive Resynthesis                                      ; Off                ; Off                ;
; Auto ROM Replacement                                                       ; On                 ; On                 ;
; Auto RAM Replacement                                                       ; On                 ; On                 ;
; Auto DSP Block Replacement                                                 ; On                 ; On                 ;
; Auto Shift Register Replacement                                            ; Auto               ; Auto               ;
; Auto Clock Enable Replacement                                              ; On                 ; On                 ;
; Strict RAM Replacement                                                     ; Off                ; Off                ;
; Allow Synchronous Control Signals                                          ; On                 ; On                 ;
; Force Use of Synchronous Clear Signals                                     ; Off                ; Off                ;
; Auto RAM Block Balancing                                                   ; On                 ; On                 ;
; Auto RAM to Logic Cell Conversion                                          ; Off                ; Off                ;
; Auto Resource Sharing                                                      ; Off                ; Off                ;
; Allow Any RAM Size For Recognition                                         ; Off                ; Off                ;
; Allow Any ROM Size For Recognition                                         ; Off                ; Off                ;
; Allow Any Shift Register Size For Recognition                              ; Off                ; Off                ;
; Use LogicLock Constraints during Resource Balancing                        ; On                 ; On                 ;
; Ignore translate_off and synthesis_off directives                          ; Off                ; Off                ;
; Timing-Driven Synthesis                                                    ; Off                ; Off                ;
; Show Parameter Settings Tables in Synthesis Report                         ; On                 ; On                 ;
; Ignore Maximum Fan-Out Assignments                                         ; Off                ; Off                ;
; Synchronization Register Chain Length                                      ; 2                  ; 2                  ;
; PowerPlay Power Optimization                                               ; Normal compilation ; Normal compilation ;
; HDL message level                                                          ; Level2             ; Level2             ;
; Suppress Register Optimization Related Messages                            ; Off                ; Off                ;
; Number of Removed Registers Reported in Synthesis Report                   ; 5000               ; 5000               ;
; Number of Inverted Registers Reported in Synthesis Report                  ; 100                ; 100                ;
; Clock MUX Protection                                                       ; On                 ; On                 ;
; Auto Gated Clock Conversion                                                ; Off                ; Off                ;
; Block Design Naming                                                        ; Auto               ; Auto               ;
; SDC constraint protection                                                  ; Off                ; Off                ;
; Synthesis Effort                                                           ; Auto               ; Auto               ;
; Shift Register Replacement - Allow Asynchronous Clear Signal               ; On                 ; On                 ;
; Analysis & Synthesis Message Level                                         ; Medium             ; Medium             ;
; Disable Register Merging Across Hierarchies                                ; Auto               ; Auto               ;
; Resource Aware Inference For Block RAM                                     ; On                 ; On                 ;
+----------------------------------------------------------------------------+--------------------+--------------------+


Parallel compilation was disabled, but you have multiple processors available. Enable parallel compilation to reduce compilation time.
+-------------------------------------+
; Parallel Compilation                ;
+----------------------------+--------+
; Processors                 ; Number ;
+----------------------------+--------+
; Number detected on machine ; 2      ;
; Maximum allowed            ; 1      ;
+----------------------------+--------+


+------------------------------------------------------------------------------------------------------------------------------------------------------------------------------------+
; Analysis & Synthesis Source Files Read                                                                                                                                             ;
+----------------------------------+-----------------+---------------------------------------+---------------------------------------------------------------------------------------+
; File Name with User-Entered Path ; Used in Netlist ; File Type                             ; File Name with Absolute Path                                                          ;
+----------------------------------+-----------------+---------------------------------------+---------------------------------------------------------------------------------------+
; rom/rom.bdf                      ; yes             ; User Block Diagram/Schematic File     ; C:/Users/Shturman/Documents/GitHub/course-project-processor/rom/rom.bdf               ;
; rom/rom_data.hex                 ; yes             ; User Hexadecimal (Intel-Format) File  ; C:/Users/Shturman/Documents/GitHub/course-project-processor/rom/rom_data.hex          ;
; rom/rom_mem.vhd                  ; yes             ; User Wizard-Generated File            ; C:/Users/Shturman/Documents/GitHub/course-project-processor/rom/rom_mem.vhd           ;
; rom/bus_14_to_10.bdf             ; yes             ; User Block Diagram/Schematic File     ; C:/Users/Shturman/Documents/GitHub/course-project-processor/rom/bus_14_to_10.bdf      ;
; common/latch_8.vhd               ; yes             ; User Wizard-Generated File            ; C:/Users/Shturman/Documents/GitHub/course-project-processor/common/latch_8.vhd        ;
; common/sub_addr.vhd              ; yes             ; User Wizard-Generated File            ; C:/Users/Shturman/Documents/GitHub/course-project-processor/common/sub_addr.vhd       ;
; rom/const_256.vhd                ; yes             ; User Wizard-Generated File            ; C:/Users/Shturman/Documents/GitHub/course-project-processor/rom/const_256.vhd         ;
; common/latch_14.vhd              ; yes             ; User Wizard-Generated File            ; C:/Users/Shturman/Documents/GitHub/course-project-processor/common/latch_14.vhd       ;
; common/switch_singl_8.vhd        ; yes             ; User Wizard-Generated File            ; C:/Users/Shturman/Documents/GitHub/course-project-processor/common/switch_singl_8.vhd ;
; lpm_bustri.tdf                   ; yes             ; Megafunction                          ; c:/quartus/quartus/libraries/megafunctions/lpm_bustri.tdf                             ;
; lpm_latch.tdf                    ; yes             ; Megafunction                          ; c:/quartus/quartus/libraries/megafunctions/lpm_latch.tdf                              ;
; altsyncram.tdf                   ; yes             ; Megafunction                          ; c:/quartus/quartus/libraries/megafunctions/altsyncram.tdf                             ;
; db/altsyncram_jr71.tdf           ; yes             ; Auto-Generated Megafunction           ; C:/Users/Shturman/Documents/GitHub/course-project-processor/db/altsyncram_jr71.tdf    ;
; lpm_add_sub.tdf                  ; yes             ; Megafunction                          ; c:/quartus/quartus/libraries/megafunctions/lpm_add_sub.tdf                            ;
; db/add_sub_snh.tdf               ; yes             ; Auto-Generated Megafunction           ; C:/Users/Shturman/Documents/GitHub/course-project-processor/db/add_sub_snh.tdf        ;
; lpm_constant.tdf                 ; yes             ; Megafunction                          ; c:/quartus/quartus/libraries/megafunctions/lpm_constant.tdf                           ;
+----------------------------------+-----------------+---------------------------------------+---------------------------------------------------------------------------------------+


+-------------------------------------------------------+
; Analysis & Synthesis Resource Usage Summary           ;
+-----------------------------------------------+-------+
; Resource                                      ; Usage ;
+-----------------------------------------------+-------+
; Estimated ALUTs Used                          ; 27    ;
; Dedicated logic registers                     ; 0     ;
;                                               ;       ;
; Estimated ALUTs Unavailable                   ; 0     ;
;                                               ;       ;
; Total combinational functions                 ; 27    ;
; Combinational ALUT usage by number of inputs  ;       ;
;     -- 7 input functions                      ; 0     ;
;     -- 6 input functions                      ; 0     ;
;     -- 5 input functions                      ; 1     ;
;     -- 4 input functions                      ; 1     ;
;     -- <=3 input functions                    ; 25    ;
;                                               ;       ;
; Combinational ALUTs by mode                   ;       ;
;     -- normal mode                            ; 27    ;
;     -- extended LUT mode                      ; 0     ;
;     -- arithmetic mode                        ; 0     ;
;     -- shared arithmetic mode                 ; 0     ;
;                                               ;       ;
; Estimated ALUT/register pairs used            ; 27    ;
;                                               ;       ;
; Total registers                               ; 0     ;
;     -- Dedicated logic registers              ; 0     ;
;     -- I/O registers                          ; 0     ;
;                                               ;       ;
; Estimated ALMs:  partially or completely used ; 14    ;
;                                               ;       ;
; I/O pins                                      ; 31    ;
; Total block memory bits                       ; 6144  ;
; Maximum fan-out node                          ; inst5 ;
; Maximum fan-out                               ; 22    ;
; Total fan-out                                 ; 184   ;
; Average fan-out                               ; 2.79  ;
+-----------------------------------------------+-------+


+---------------------------------------------------------------------------------------------------------------------------------------------------------------------------------------------------------------------------------------------------------------------------------------------------+
; Analysis & Synthesis Resource Utilization by Entity                                                                                                                                                                                                                                               ;
+----------------------------------------------+-------------------+--------------+-------------------+--------------+---------+-----------+-----------+------+--------------+-------------------------------------------------------------------------------------------------------+--------------+
; Compilation Hierarchy Node                   ; LC Combinationals ; LC Registers ; Block Memory Bits ; DSP Elements ; DSP 9x9 ; DSP 18x18 ; DSP 36x36 ; Pins ; Virtual Pins ; Full Hierarchy Name                                                                                   ; Library Name ;
+----------------------------------------------+-------------------+--------------+-------------------+--------------+---------+-----------+-----------+------+--------------+-------------------------------------------------------------------------------------------------------+--------------+
; |rom                                         ; 27 (3)            ; 0 (0)        ; 6144              ; 0            ; 0       ; 0         ; 0         ; 31   ; 0            ; |rom                                                                                                  ; work         ;
;    |bus_14_to_10:inst10|                     ; 1 (0)             ; 0 (0)        ; 0                 ; 0            ; 0       ; 0         ; 0         ; 0    ; 0            ; |rom|bus_14_to_10:inst10                                                                              ;              ;
;       |sub_addr:inst11|                      ; 1 (0)             ; 0 (0)        ; 0                 ; 0            ; 0       ; 0         ; 0         ; 0    ; 0            ; |rom|bus_14_to_10:inst10|sub_addr:inst11                                                              ;              ;
;          |lpm_add_sub:lpm_add_sub_component| ; 1 (0)             ; 0 (0)        ; 0                 ; 0            ; 0       ; 0         ; 0         ; 0    ; 0            ; |rom|bus_14_to_10:inst10|sub_addr:inst11|lpm_add_sub:lpm_add_sub_component                            ;              ;
;             |add_sub_snh:auto_generated|     ; 1 (1)             ; 0 (0)        ; 0                 ; 0            ; 0       ; 0         ; 0         ; 0    ; 0            ; |rom|bus_14_to_10:inst10|sub_addr:inst11|lpm_add_sub:lpm_add_sub_component|add_sub_snh:auto_generated ;              ;
;    |latch_14:inst4|                          ; 15 (0)            ; 0 (0)        ; 0                 ; 0            ; 0       ; 0         ; 0         ; 0    ; 0            ; |rom|latch_14:inst4                                                                                   ; work         ;
;       |lpm_latch:lpm_latch_component|        ; 15 (15)           ; 0 (0)        ; 0                 ; 0            ; 0       ; 0         ; 0         ; 0    ; 0            ; |rom|latch_14:inst4|lpm_latch:lpm_latch_component                                                     ;              ;
;    |latch_8:inst8|                           ; 8 (0)             ; 0 (0)        ; 0                 ; 0            ; 0       ; 0         ; 0         ; 0    ; 0            ; |rom|latch_8:inst8                                                                                    ; work         ;
;       |lpm_latch:lpm_latch_component|        ; 8 (8)             ; 0 (0)        ; 0                 ; 0            ; 0       ; 0         ; 0         ; 0    ; 0            ; |rom|latch_8:inst8|lpm_latch:lpm_latch_component                                                      ; work         ;
;    |rom_mem:inst|                            ; 0 (0)             ; 0 (0)        ; 6144              ; 0            ; 0       ; 0         ; 0         ; 0    ; 0            ; |rom|rom_mem:inst                                                                                     ; work         ;
;       |altsyncram:altsyncram_component|      ; 0 (0)             ; 0 (0)        ; 6144              ; 0            ; 0       ; 0         ; 0         ; 0    ; 0            ; |rom|rom_mem:inst|altsyncram:altsyncram_component                                                     ; work         ;
;          |altsyncram_jr71:auto_generated|    ; 0 (0)             ; 0 (0)        ; 6144              ; 0            ; 0       ; 0         ; 0         ; 0    ; 0            ; |rom|rom_mem:inst|altsyncram:altsyncram_component|altsyncram_jr71:auto_generated                      ; work         ;
+----------------------------------------------+-------------------+--------------+-------------------+--------------+---------+-----------+-----------+------+--------------+-------------------------------------------------------------------------------------------------------+--------------+
Note: For table entries with two numbers listed, the numbers in parentheses indicate the number of resources of the given type used by the specific entity alone. The numbers listed outside of parentheses indicate the total resources of the given type used by the specific entity and all of its sub-entities in the hierarchy.


+----------------------------------------------------------------------------------------------------------------------------------------------------------------------------------------------+
; Analysis & Synthesis RAM Summary                                                                                                                                                             ;
+----------------------------------------------------------------------------------------+------+------+--------------+--------------+--------------+--------------+------+--------------------+
; Name                                                                                   ; Type ; Mode ; Port A Depth ; Port A Width ; Port B Depth ; Port B Width ; Size ; MIF                ;
+----------------------------------------------------------------------------------------+------+------+--------------+--------------+--------------+--------------+------+--------------------+
; rom_mem:inst|altsyncram:altsyncram_component|altsyncram_jr71:auto_generated|ALTSYNCRAM ; AUTO ; ROM  ; 768          ; 8            ; --           ; --           ; 6144 ; ./rom/rom_data.hex ;
+----------------------------------------------------------------------------------------+------+------+--------------+--------------+--------------+--------------+------+--------------------+


+---------------------------------------------------------------------------------------------------------+
; User-Specified and Inferred Latches                                                                     ;
+----------------------------------------------------------+---------------------+------------------------+
; Latch Name                                               ; Latch Enable Signal ; Free of Timing Hazards ;
+----------------------------------------------------------+---------------------+------------------------+
; latch_8:inst8|lpm_latch:lpm_latch_component|latches[7]   ; inst5               ; yes                    ;
; latch_8:inst8|lpm_latch:lpm_latch_component|latches[6]   ; inst5               ; yes                    ;
; latch_8:inst8|lpm_latch:lpm_latch_component|latches[5]   ; inst5               ; yes                    ;
; latch_8:inst8|lpm_latch:lpm_latch_component|latches[4]   ; inst5               ; yes                    ;
; latch_8:inst8|lpm_latch:lpm_latch_component|latches[3]   ; inst5               ; yes                    ;
; latch_8:inst8|lpm_latch:lpm_latch_component|latches[2]   ; inst5               ; yes                    ;
; latch_8:inst8|lpm_latch:lpm_latch_component|latches[1]   ; inst5               ; yes                    ;
; latch_8:inst8|lpm_latch:lpm_latch_component|latches[0]   ; inst5               ; yes                    ;
; latch_14:inst4|lpm_latch:lpm_latch_component|latches[0]  ; inst5               ; yes                    ;
; latch_14:inst4|lpm_latch:lpm_latch_component|latches[1]  ; inst5               ; yes                    ;
; latch_14:inst4|lpm_latch:lpm_latch_component|latches[2]  ; inst5               ; yes                    ;
; latch_14:inst4|lpm_latch:lpm_latch_component|latches[3]  ; inst5               ; yes                    ;
; latch_14:inst4|lpm_latch:lpm_latch_component|latches[4]  ; inst5               ; yes                    ;
; latch_14:inst4|lpm_latch:lpm_latch_component|latches[5]  ; inst5               ; yes                    ;
; latch_14:inst4|lpm_latch:lpm_latch_component|latches[6]  ; inst5               ; yes                    ;
; latch_14:inst4|lpm_latch:lpm_latch_component|latches[7]  ; inst5               ; yes                    ;
; latch_14:inst4|lpm_latch:lpm_latch_component|latches[8]  ; inst5               ; yes                    ;
; latch_14:inst4|lpm_latch:lpm_latch_component|latches[9]  ; inst5               ; yes                    ;
; latch_14:inst4|lpm_latch:lpm_latch_component|latches[13] ; inst5               ; yes                    ;
; latch_14:inst4|lpm_latch:lpm_latch_component|latches[12] ; inst5               ; yes                    ;
; latch_14:inst4|lpm_latch:lpm_latch_component|latches[11] ; inst5               ; yes                    ;
; latch_14:inst4|lpm_latch:lpm_latch_component|latches[10] ; inst5               ; yes                    ;
; Number of user-specified and inferred latches = 22       ;                     ;                        ;
+----------------------------------------------------------+---------------------+------------------------+
Note: All latches listed above may not be present at the end of synthesis due to various synthesis optimizations.


+------------------------------------------------------+
; General Register Statistics                          ;
+----------------------------------------------+-------+
; Statistic                                    ; Value ;
+----------------------------------------------+-------+
; Total registers                              ; 0     ;
; Number of registers using Synchronous Clear  ; 0     ;
; Number of registers using Synchronous Load   ; 0     ;
; Number of registers using Asynchronous Clear ; 0     ;
; Number of registers using Asynchronous Load  ; 0     ;
; Number of registers using Clock Enable       ; 0     ;
; Number of registers using Preset             ; 0     ;
+----------------------------------------------+-------+


+----------------------------------------------------------------------------------------------------+
; Source assignments for rom_mem:inst|altsyncram:altsyncram_component|altsyncram_jr71:auto_generated ;
+---------------------------------+--------------------+------+--------------------------------------+
; Assignment                      ; Value              ; From ; To                                   ;
+---------------------------------+--------------------+------+--------------------------------------+
; OPTIMIZE_POWER_DURING_SYNTHESIS ; NORMAL_COMPILATION ; -    ; -                                    ;
+---------------------------------+--------------------+------+--------------------------------------+


+----------------------------------------------------------------------------------------------------+
; Parameter Settings for User Entity Instance: switch_singl_8:inst11|lpm_bustri:lpm_bustri_component ;
+----------------+-------+---------------------------------------------------------------------------+
; Parameter Name ; Value ; Type                                                                      ;
+----------------+-------+---------------------------------------------------------------------------+
; LPM_WIDTH      ; 8     ; Signed Integer                                                            ;
+----------------+-------+---------------------------------------------------------------------------+
Note: In order to hide this table in the UI and the text report file, please set the "Show Parameter Settings Tables in Synthesis Report" option in "Analysis and Synthesis Settings -> More Settings" to "Off".


+------------------------------------------------------------------------------------------+
; Parameter Settings for User Entity Instance: latch_8:inst8|lpm_latch:lpm_latch_component ;
+----------------+--------+----------------------------------------------------------------+
; Parameter Name ; Value  ; Type                                                           ;
+----------------+--------+----------------------------------------------------------------+
; LPM_WIDTH      ; 8      ; Signed Integer                                                 ;
; LPM_AVALUE     ; UNUSED ; Untyped                                                        ;
+----------------+--------+----------------------------------------------------------------+
Note: In order to hide this table in the UI and the text report file, please set the "Show Parameter Settings Tables in Synthesis Report" option in "Analysis and Synthesis Settings -> More Settings" to "Off".


+-------------------------------------------------------------------------------------------+
; Parameter Settings for User Entity Instance: rom_mem:inst|altsyncram:altsyncram_component ;
+------------------------------------+----------------------+-------------------------------+
; Parameter Name                     ; Value                ; Type                          ;
+------------------------------------+----------------------+-------------------------------+
; BYTE_SIZE_BLOCK                    ; 8                    ; Untyped                       ;
; AUTO_CARRY_CHAINS                  ; ON                   ; AUTO_CARRY                    ;
; IGNORE_CARRY_BUFFERS               ; OFF                  ; IGNORE_CARRY                  ;
; AUTO_CASCADE_CHAINS                ; ON                   ; AUTO_CASCADE                  ;
; IGNORE_CASCADE_BUFFERS             ; OFF                  ; IGNORE_CASCADE                ;
; WIDTH_BYTEENA                      ; 1                    ; Untyped                       ;
; OPERATION_MODE                     ; ROM                  ; Untyped                       ;
; WIDTH_A                            ; 8                    ; Signed Integer                ;
; WIDTHAD_A                          ; 10                   ; Signed Integer                ;
; NUMWORDS_A                         ; 768                  ; Signed Integer                ;
; OUTDATA_REG_A                      ; CLOCK0               ; Untyped                       ;
; ADDRESS_ACLR_A                     ; NONE                 ; Untyped                       ;
; OUTDATA_ACLR_A                     ; NONE                 ; Untyped                       ;
; WRCONTROL_ACLR_A                   ; NONE                 ; Untyped                       ;
; INDATA_ACLR_A                      ; NONE                 ; Untyped                       ;
; BYTEENA_ACLR_A                     ; NONE                 ; Untyped                       ;
; WIDTH_B                            ; 1                    ; Untyped                       ;
; WIDTHAD_B                          ; 1                    ; Untyped                       ;
; NUMWORDS_B                         ; 1                    ; Untyped                       ;
; INDATA_REG_B                       ; CLOCK1               ; Untyped                       ;
; WRCONTROL_WRADDRESS_REG_B          ; CLOCK1               ; Untyped                       ;
; RDCONTROL_REG_B                    ; CLOCK1               ; Untyped                       ;
; ADDRESS_REG_B                      ; CLOCK1               ; Untyped                       ;
; OUTDATA_REG_B                      ; UNREGISTERED         ; Untyped                       ;
; BYTEENA_REG_B                      ; CLOCK1               ; Untyped                       ;
; INDATA_ACLR_B                      ; NONE                 ; Untyped                       ;
; WRCONTROL_ACLR_B                   ; NONE                 ; Untyped                       ;
; ADDRESS_ACLR_B                     ; NONE                 ; Untyped                       ;
; OUTDATA_ACLR_B                     ; NONE                 ; Untyped                       ;
; RDCONTROL_ACLR_B                   ; NONE                 ; Untyped                       ;
; BYTEENA_ACLR_B                     ; NONE                 ; Untyped                       ;
; WIDTH_BYTEENA_A                    ; 1                    ; Signed Integer                ;
; WIDTH_BYTEENA_B                    ; 1                    ; Untyped                       ;
; RAM_BLOCK_TYPE                     ; AUTO                 ; Untyped                       ;
; BYTE_SIZE                          ; 8                    ; Untyped                       ;
; READ_DURING_WRITE_MODE_MIXED_PORTS ; DONT_CARE            ; Untyped                       ;
; READ_DURING_WRITE_MODE_PORT_A      ; NEW_DATA_NO_NBE_READ ; Untyped                       ;
; READ_DURING_WRITE_MODE_PORT_B      ; NEW_DATA_NO_NBE_READ ; Untyped                       ;
; INIT_FILE                          ; ./rom/rom_data.hex   ; Untyped                       ;
; INIT_FILE_LAYOUT                   ; PORT_A               ; Untyped                       ;
; MAXIMUM_DEPTH                      ; 0                    ; Untyped                       ;
; CLOCK_ENABLE_INPUT_A               ; BYPASS               ; Untyped                       ;
; CLOCK_ENABLE_INPUT_B               ; NORMAL               ; Untyped                       ;
; CLOCK_ENABLE_OUTPUT_A              ; BYPASS               ; Untyped                       ;
; CLOCK_ENABLE_OUTPUT_B              ; NORMAL               ; Untyped                       ;
; CLOCK_ENABLE_CORE_A                ; USE_INPUT_CLKEN      ; Untyped                       ;
; CLOCK_ENABLE_CORE_B                ; USE_INPUT_CLKEN      ; Untyped                       ;
; ENABLE_ECC                         ; FALSE                ; Untyped                       ;
; DEVICE_FAMILY                      ; Stratix II           ; Untyped                       ;
; CBXI_PARAMETER                     ; altsyncram_jr71      ; Untyped                       ;
+------------------------------------+----------------------+-------------------------------+
Note: In order to hide this table in the UI and the text report file, please set the "Show Parameter Settings Tables in Synthesis Report" option in "Analysis and Synthesis Settings -> More Settings" to "Off".


+-------------------------------------------------------------------------------------------+
; Parameter Settings for User Entity Instance: latch_14:inst4|lpm_latch:lpm_latch_component ;
+----------------+--------+-----------------------------------------------------------------+
; Parameter Name ; Value  ; Type                                                            ;
+----------------+--------+-----------------------------------------------------------------+
; LPM_WIDTH      ; 14     ; Signed Integer                                                  ;
; LPM_AVALUE     ; UNUSED ; Untyped                                                         ;
+----------------+--------+-----------------------------------------------------------------+
Note: In order to hide this table in the UI and the text report file, please set the "Show Parameter Settings Tables in Synthesis Report" option in "Analysis and Synthesis Settings -> More Settings" to "Off".


+--------------------------------------------------------------------------------------------------------------------+
; Parameter Settings for User Entity Instance: bus_14_to_10:inst10|sub_addr:inst11|lpm_add_sub:lpm_add_sub_component ;
+------------------------+-------------+-----------------------------------------------------------------------------+
; Parameter Name         ; Value       ; Type                                                                        ;
+------------------------+-------------+-----------------------------------------------------------------------------+
; LPM_WIDTH              ; 14          ; Signed Integer                                                              ;
; LPM_REPRESENTATION     ; UNSIGNED    ; Untyped                                                                     ;
; LPM_DIRECTION          ; SUB         ; Untyped                                                                     ;
; ONE_INPUT_IS_CONSTANT  ; NO          ; Untyped                                                                     ;
; LPM_PIPELINE           ; 0           ; Untyped                                                                     ;
; MAXIMIZE_SPEED         ; 5           ; Untyped                                                                     ;
; REGISTERED_AT_END      ; 0           ; Untyped                                                                     ;
; OPTIMIZE_FOR_SPEED     ; 5           ; Untyped                                                                     ;
; USE_CS_BUFFERS         ; 1           ; Untyped                                                                     ;
; CARRY_CHAIN            ; MANUAL      ; Untyped                                                                     ;
; CARRY_CHAIN_LENGTH     ; 48          ; CARRY_CHAIN_LENGTH                                                          ;
; DEVICE_FAMILY          ; Stratix II  ; Untyped                                                                     ;
; USE_WYS                ; OFF         ; Untyped                                                                     ;
; STYLE                  ; FAST        ; Untyped                                                                     ;
; CBXI_PARAMETER         ; add_sub_snh ; Untyped                                                                     ;
; AUTO_CARRY_CHAINS      ; ON          ; AUTO_CARRY                                                                  ;
; IGNORE_CARRY_BUFFERS   ; OFF         ; IGNORE_CARRY                                                                ;
; AUTO_CASCADE_CHAINS    ; ON          ; AUTO_CASCADE                                                                ;
; IGNORE_CASCADE_BUFFERS ; OFF         ; IGNORE_CASCADE                                                              ;
+------------------------+-------------+-----------------------------------------------------------------------------+
Note: In order to hide this table in the UI and the text report file, please set the "Show Parameter Settings Tables in Synthesis Report" option in "Analysis and Synthesis Settings -> More Settings" to "Off".


+-----------------------------------------------------------------------------------------------------------------------+
; Parameter Settings for User Entity Instance: bus_14_to_10:inst10|const_256:inst12|lpm_constant:lpm_constant_component ;
+--------------------+------------------+-------------------------------------------------------------------------------+
; Parameter Name     ; Value            ; Type                                                                          ;
+--------------------+------------------+-------------------------------------------------------------------------------+
; LPM_WIDTH          ; 14               ; Signed Integer                                                                ;
; LPM_CVALUE         ; 256              ; Signed Integer                                                                ;
; ENABLE_RUNTIME_MOD ; NO               ; Untyped                                                                       ;
; CBXI_PARAMETER     ; lpm_constant_8k6 ; Untyped                                                                       ;
+--------------------+------------------+-------------------------------------------------------------------------------+
Note: In order to hide this table in the UI and the text report file, please set the "Show Parameter Settings Tables in Synthesis Report" option in "Analysis and Synthesis Settings -> More Settings" to "Off".


+------------------------------------------------------------------------------------------+
; altsyncram Parameter Settings by Entity Instance                                         ;
+-------------------------------------------+----------------------------------------------+
; Name                                      ; Value                                        ;
+-------------------------------------------+----------------------------------------------+
; Number of entity instances                ; 1                                            ;
; Entity Instance                           ; rom_mem:inst|altsyncram:altsyncram_component ;
;     -- OPERATION_MODE                     ; ROM                                          ;
;     -- WIDTH_A                            ; 8                                            ;
;     -- NUMWORDS_A                         ; 768                                          ;
;     -- OUTDATA_REG_A                      ; CLOCK0                                       ;
;     -- WIDTH_B                            ; 1                                            ;
;     -- NUMWORDS_B                         ; 1                                            ;
;     -- ADDRESS_REG_B                      ; CLOCK1                                       ;
;     -- OUTDATA_REG_B                      ; UNREGISTERED                                 ;
;     -- RAM_BLOCK_TYPE                     ; AUTO                                         ;
;     -- READ_DURING_WRITE_MODE_MIXED_PORTS ; DONT_CARE                                    ;
+-------------------------------------------+----------------------------------------------+


+-------------------------------+
; Analysis & Synthesis Messages ;
+-------------------------------+
Info: *******************************************************************
Info: Running Quartus II Analysis & Synthesis
    Info: Version 9.1 Build 350 03/24/2010 Service Pack 2 SJ Web Edition
    Info: Processing started: Mon Mar 18 23:10:34 2013
Info: Command: quartus_map --read_settings_files=on --write_settings_files=off KatPro -c KatPro
Info: Found 1 design units, including 1 entities, in source file rom/rom.bdf
    Info: Found entity 1: rom
Info: Found 2 design units, including 1 entities, in source file rom/rom_mem.vhd
    Info: Found design unit 1: rom_mem-SYN
    Info: Found entity 1: rom_mem
Info: Found 1 design units, including 1 entities, in source file rom/bus_14_to_10.bdf
    Info: Found entity 1: bus_14_to_10
Info: Found 2 design units, including 1 entities, in source file common/latch_8.vhd
    Info: Found design unit 1: latch_8-SYN
    Info: Found entity 1: latch_8
Info: Found 2 design units, including 1 entities, in source file common/sub_addr.vhd
    Info: Found design unit 1: sub_addr-SYN
    Info: Found entity 1: sub_addr
Info: Found 2 design units, including 1 entities, in source file rom/const_256.vhd
    Info: Found design unit 1: const_256-SYN
    Info: Found entity 1: const_256
Info: Found 2 design units, including 1 entities, in source file common/latch_14.vhd
    Info: Found design unit 1: latch_14-SYN
    Info: Found entity 1: latch_14
Info: Found 2 design units, including 1 entities, in source file common/switch_singl_8.vhd
    Info: Found design unit 1: switch_singl_8-SYN
    Info: Found entity 1: switch_singl_8
Info: Elaborating entity "rom" for the top level hierarchy
Info: Elaborating entity "switch_singl_8" for hierarchy "switch_singl_8:inst11"
Info: Elaborating entity "lpm_bustri" for hierarchy "switch_singl_8:inst11|lpm_bustri:lpm_bustri_component"
Info: Elaborated megafunction instantiation "switch_singl_8:inst11|lpm_bustri:lpm_bustri_component"
Info: Instantiated megafunction "switch_singl_8:inst11|lpm_bustri:lpm_bustri_component" with the following parameter:
    Info: Parameter "lpm_type" = "LPM_BUSTRI"
    Info: Parameter "lpm_width" = "8"
Info: Elaborating entity "latch_8" for hierarchy "latch_8:inst8"
Info: Elaborating entity "lpm_latch" for hierarchy "latch_8:inst8|lpm_latch:lpm_latch_component"
Info: Elaborated megafunction instantiation "latch_8:inst8|lpm_latch:lpm_latch_component"
Info: Instantiated megafunction "latch_8:inst8|lpm_latch:lpm_latch_component" with the following parameter:
    Info: Parameter "lpm_type" = "LPM_LATCH"
    Info: Parameter "lpm_width" = "8"
Info: Elaborating entity "rom_mem" for hierarchy "rom_mem:inst"
Info: Elaborating entity "altsyncram" for hierarchy "rom_mem:inst|altsyncram:altsyncram_component"
Info: Elaborated megafunction instantiation "rom_mem:inst|altsyncram:altsyncram_component"
Info: Instantiated megafunction "rom_mem:inst|altsyncram:altsyncram_component" with the following parameter:
    Info: Parameter "clock_enable_input_a" = "BYPASS"
    Info: Parameter "clock_enable_output_a" = "BYPASS"
    Info: Parameter "init_file" = "./rom/rom_data.hex"
    Info: Parameter "intended_device_family" = "Stratix II"
    Info: Parameter "lpm_hint" = "ENABLE_RUNTIME_MOD=NO"
    Info: Parameter "lpm_type" = "altsyncram"
    Info: Parameter "numwords_a" = "768"
    Info: Parameter "operation_mode" = "ROM"
    Info: Parameter "outdata_aclr_a" = "NONE"
    Info: Parameter "outdata_reg_a" = "CLOCK0"
    Info: Parameter "widthad_a" = "10"
    Info: Parameter "width_a" = "8"
    Info: Parameter "width_byteena_a" = "1"
Info: Found 1 design units, including 1 entities, in source file db/altsyncram_jr71.tdf
    Info: Found entity 1: altsyncram_jr71
Info: Elaborating entity "altsyncram_jr71" for hierarchy "rom_mem:inst|altsyncram:altsyncram_component|altsyncram_jr71:auto_generated"
Info: Elaborating entity "latch_14" for hierarchy "latch_14:inst4"
Info: Elaborating entity "lpm_latch" for hierarchy "latch_14:inst4|lpm_latch:lpm_latch_component"
Info: Elaborated megafunction instantiation "latch_14:inst4|lpm_latch:lpm_latch_component"
Info: Instantiated megafunction "latch_14:inst4|lpm_latch:lpm_latch_component" with the following parameter:
    Info: Parameter "lpm_type" = "LPM_LATCH"
    Info: Parameter "lpm_width" = "14"
Info: Elaborating entity "bus_14_to_10" for hierarchy "bus_14_to_10:inst10"
Info: Elaborating entity "sub_addr" for hierarchy "bus_14_to_10:inst10|sub_addr:inst11"
Info: Elaborating entity "lpm_add_sub" for hierarchy "bus_14_to_10:inst10|sub_addr:inst11|lpm_add_sub:lpm_add_sub_component"
Info: Elaborated megafunction instantiation "bus_14_to_10:inst10|sub_addr:inst11|lpm_add_sub:lpm_add_sub_component"
Info: Instantiated megafunction "bus_14_to_10:inst10|sub_addr:inst11|lpm_add_sub:lpm_add_sub_component" with the following parameter:
    Info: Parameter "lpm_direction" = "SUB"
    Info: Parameter "lpm_hint" = "ONE_INPUT_IS_CONSTANT=NO,CIN_USED=NO"
    Info: Parameter "lpm_representation" = "UNSIGNED"
    Info: Parameter "lpm_type" = "LPM_ADD_SUB"
    Info: Parameter "lpm_width" = "14"
Info: Found 1 design units, including 1 entities, in source file db/add_sub_snh.tdf
    Info: Found entity 1: add_sub_snh
Info: Elaborating entity "add_sub_snh" for hierarchy "bus_14_to_10:inst10|sub_addr:inst11|lpm_add_sub:lpm_add_sub_component|add_sub_snh:auto_generated"
Info: Elaborating entity "const_256" for hierarchy "bus_14_to_10:inst10|const_256:inst12"
Info: Elaborating entity "lpm_constant" for hierarchy "bus_14_to_10:inst10|const_256:inst12|lpm_constant:lpm_constant_component"
Info: Elaborated megafunction instantiation "bus_14_to_10:inst10|const_256:inst12|lpm_constant:lpm_constant_component"
Info: Instantiated megafunction "bus_14_to_10:inst10|const_256:inst12|lpm_constant:lpm_constant_component" with the following parameter:
    Info: Parameter "lpm_cvalue" = "256"
    Info: Parameter "lpm_hint" = "ENABLE_RUNTIME_MOD=NO"
    Info: Parameter "lpm_type" = "LPM_CONSTANT"
    Info: Parameter "lpm_width" = "14"
Warning: Design contains 6 input pin(s) that do not drive logic
    Warning (15610): No output dependent on input pin "ctrl[7]"
    Warning (15610): No output dependent on input pin "ctrl[6]"
    Warning (15610): No output dependent on input pin "ctrl[5]"
    Warning (15610): No output dependent on input pin "ctrl[4]"
    Warning (15610): No output dependent on input pin "ctrl[3]"
    Warning (15610): No output dependent on input pin "ctrl[2]"
Info: Implemented 66 device resources after synthesis - the final resource count might be different
    Info: Implemented 23 input pins
    Info: Implemented 8 output pins
    Info: Implemented 27 logic cells
    Info: Implemented 8 RAM segments
Info: Quartus II Analysis & Synthesis was successful. 0 errors, 7 warnings
    Info: Peak virtual memory: 244 megabytes
    Info: Processing ended: Mon Mar 18 23:10:38 2013
    Info: Elapsed time: 00:00:04
    Info: Total CPU time (on all processors): 00:00:04


