Classic Timing Analyzer report for KatPro
Sun May 05 19:50:35 2013
Quartus II Version 9.1 Build 350 03/24/2010 Service Pack 2 SJ Web Edition


---------------------
; Table of Contents ;
---------------------
  1. Legal Notice
  2. Timing Analyzer Summary
  3. Timing Analyzer Settings
  4. Parallel Compilation
  5. tpd
  6. Timing Analyzer Messages



----------------
; Legal Notice ;
----------------
Copyright (C) 1991-2010 Altera Corporation
Your use of Altera Corporation's design tools, logic functions 
and other software and tools, and its AMPP partner logic 
functions, and any output files from any of the foregoing 
(including device programming or simulation files), and any 
associated documentation or information are expressly subject 
to the terms and conditions of the Altera Program License 
Subscription Agreement, Altera MegaCore Function License 
Agreement, or other applicable license agreement, including, 
without limitation, that your use is for the sole purpose of 
programming logic devices manufactured by Altera and sold by 
Altera or its authorized distributors.  Please refer to the 
applicable agreement for further details.



+-------------------------------------------------------------------------------------------------------------------------+
; Timing Analyzer Summary                                                                                                 ;
+------------------------------+-------+---------------+-------------+------+------+------------+----------+--------------+
; Type                         ; Slack ; Required Time ; Actual Time ; From ; To   ; From Clock ; To Clock ; Failed Paths ;
+------------------------------+-------+---------------+-------------+------+------+------------+----------+--------------+
; Worst-case tpd               ; N/A   ; None          ; 10.498 ns   ; en   ; q[2] ; --         ; --       ; 0            ;
; Total number of failed paths ;       ;               ;             ;      ;      ;            ;          ; 0            ;
+------------------------------+-------+---------------+-------------+------+------+------------+----------+--------------+


+-----------------------------------------------------------------------------------------------------------------------------------------------------+
; Timing Analyzer Settings                                                                                                                            ;
+------------------------------------------------------------------------------------------------------+--------------------+------+----+-------------+
; Option                                                                                               ; Setting            ; From ; To ; Entity Name ;
+------------------------------------------------------------------------------------------------------+--------------------+------+----+-------------+
; Device Name                                                                                          ; EP2S15F484C3       ;      ;    ;             ;
; Timing Models                                                                                        ; Final              ;      ;    ;             ;
; Default hold multicycle                                                                              ; Same as Multicycle ;      ;    ;             ;
; Cut paths between unrelated clock domains                                                            ; On                 ;      ;    ;             ;
; Cut off read during write signal paths                                                               ; On                 ;      ;    ;             ;
; Cut off feedback from I/O pins                                                                       ; On                 ;      ;    ;             ;
; Report Combined Fast/Slow Timing                                                                     ; Off                ;      ;    ;             ;
; Ignore Clock Settings                                                                                ; Off                ;      ;    ;             ;
; Analyze latches as synchronous elements                                                              ; On                 ;      ;    ;             ;
; Enable Recovery/Removal analysis                                                                     ; Off                ;      ;    ;             ;
; Enable Clock Latency                                                                                 ; Off                ;      ;    ;             ;
; Use TimeQuest Timing Analyzer                                                                        ; Off                ;      ;    ;             ;
; Number of source nodes to report per destination node                                                ; 10                 ;      ;    ;             ;
; Number of destination nodes to report                                                                ; 10                 ;      ;    ;             ;
; Number of paths to report                                                                            ; 200                ;      ;    ;             ;
; Report Minimum Timing Checks                                                                         ; Off                ;      ;    ;             ;
; Use Fast Timing Models                                                                               ; Off                ;      ;    ;             ;
; Report IO Paths Separately                                                                           ; Off                ;      ;    ;             ;
; Perform Multicorner Analysis                                                                         ; On                 ;      ;    ;             ;
; Reports the worst-case path for each clock domain and analysis                                       ; Off                ;      ;    ;             ;
; Reports worst-case timing paths for each clock domain and analysis                                   ; Off                ;      ;    ;             ;
; Specifies the maximum number of worst-case timing paths to report for each clock domain and analysis ; 100                ;      ;    ;             ;
; Removes common clock path pessimism (CCPP) during slack computation                                  ; Off                ;      ;    ;             ;
; Output I/O Timing Endpoint                                                                           ; Near End           ;      ;    ;             ;
+------------------------------------------------------------------------------------------------------+--------------------+------+----+-------------+


Parallel compilation was disabled, but you have multiple processors available. Enable parallel compilation to reduce compilation time.
+-------------------------------------+
; Parallel Compilation                ;
+----------------------------+--------+
; Processors                 ; Number ;
+----------------------------+--------+
; Number detected on machine ; 2      ;
; Maximum allowed            ; 1      ;
+----------------------------+--------+


+-----------------------------------------------------------+
; tpd                                                       ;
+-------+-------------------+-----------------+------+------+
; Slack ; Required P2P Time ; Actual P2P Time ; From ; To   ;
+-------+-------------------+-----------------+------+------+
; N/A   ; None              ; 10.498 ns       ; en   ; q[2] ;
; N/A   ; None              ; 10.192 ns       ; en   ; q[0] ;
; N/A   ; None              ; 9.291 ns        ; en   ; q[1] ;
; N/A   ; None              ; 8.647 ns        ; en   ; q[5] ;
; N/A   ; None              ; 8.547 ns        ; en   ; q[6] ;
; N/A   ; None              ; 8.313 ns        ; en   ; q[3] ;
; N/A   ; None              ; 8.302 ns        ; en   ; q[7] ;
; N/A   ; None              ; 8.223 ns        ; en   ; q[4] ;
+-------+-------------------+-----------------+------+------+


+--------------------------+
; Timing Analyzer Messages ;
+--------------------------+
Info: *******************************************************************
Info: Running Quartus II Classic Timing Analyzer
    Info: Version 9.1 Build 350 03/24/2010 Service Pack 2 SJ Web Edition
    Info: Processing started: Sun May 05 19:50:34 2013
Info: Command: quartus_tan --read_settings_files=off --write_settings_files=off KatPro -c KatPro --timing_analysis_only
Warning: Timing Analysis is analyzing one or more combinational loops as latches
    Warning: Node "D_TR:inst7|inst6" is a latch
    Warning: Node "D_TR:inst6|inst6" is a latch
    Warning: Node "D_TR:inst5|inst6" is a latch
    Warning: Node "D_TR:inst4|inst6" is a latch
    Warning: Node "D_TR:inst3|inst6" is a latch
    Warning: Node "D_TR:inst2|inst6" is a latch
    Warning: Node "D_TR:inst1|inst6" is a latch
    Warning: Node "D_TR:inst|inst6" is a latch
Warning: Found combinational loop of 2 nodes
    Warning: Node "D_TR:inst|inst9~1"
    Warning: Node "D_TR:inst|inst5~1"
Warning: Found combinational loop of 2 nodes
    Warning: Node "D_TR:inst1|inst9~1"
    Warning: Node "D_TR:inst1|inst5~1"
Warning: Found combinational loop of 2 nodes
    Warning: Node "D_TR:inst2|inst9~1"
    Warning: Node "D_TR:inst2|inst5~1"
Warning: Found combinational loop of 2 nodes
    Warning: Node "D_TR:inst3|inst9~1"
    Warning: Node "D_TR:inst3|inst5~1"
Warning: Found combinational loop of 2 nodes
    Warning: Node "D_TR:inst4|inst5~1"
    Warning: Node "D_TR:inst4|inst9~1"
Warning: Found combinational loop of 2 nodes
    Warning: Node "D_TR:inst5|inst5~1"
    Warning: Node "D_TR:inst5|inst9~1"
Warning: Found combinational loop of 2 nodes
    Warning: Node "D_TR:inst6|inst9~1"
    Warning: Node "D_TR:inst6|inst5~1"
Warning: Found combinational loop of 2 nodes
    Warning: Node "D_TR:inst7|inst9~1"
    Warning: Node "D_TR:inst7|inst5~1"
Info: Longest tpd from source pin "en" to destination pin "q[2]" is 10.498 ns
    Info: 1: + IC(0.000 ns) + CELL(0.847 ns) = 0.847 ns; Loc. = PIN_Y8; Fanout = 8; PIN Node = 'en'
    Info: 2: + IC(4.835 ns) + CELL(0.228 ns) = 5.910 ns; Loc. = LCCOMB_X33_Y26_N4; Fanout = 1; COMB Node = 'inst10'
    Info: 3: + IC(2.616 ns) + CELL(1.972 ns) = 10.498 ns; Loc. = PIN_Y6; Fanout = 0; PIN Node = 'q[2]'
    Info: Total cell delay = 3.047 ns ( 29.02 % )
    Info: Total interconnect delay = 7.451 ns ( 70.98 % )
Info: Quartus II Classic Timing Analyzer was successful. 0 errors, 33 warnings
    Info: Peak virtual memory: 174 megabytes
    Info: Processing ended: Sun May 05 19:50:35 2013
    Info: Elapsed time: 00:00:01
    Info: Total CPU time (on all processors): 00:00:01


